[debug] [2022-07-18T07:14:57.811Z] ----------------------------------------------------------------------
[debug] [2022-07-18T07:14:57.813Z] Command:       C:\Program Files\nodejs\node.exe C:\Users\91962\AppData\Roaming\npm\node_modules\firebase-tools\lib\bin\firebase.js login
[debug] [2022-07-18T07:14:57.814Z] CLI Version:   11.2.2
[debug] [2022-07-18T07:14:57.814Z] Platform:      win32
[debug] [2022-07-18T07:14:57.814Z] Node Version:  v16.13.2
[debug] [2022-07-18T07:14:57.815Z] Time:          Mon Jul 18 2022 12:44:57 GMT+0530 (India Standard Time)
[debug] [2022-07-18T07:14:57.815Z] ----------------------------------------------------------------------
[debug] 
[debug] [2022-07-18T07:14:57.818Z] >>> [apiv2][query] GET https://firebase-public.firebaseio.com/cli.json [none]
[info] i  Firebase optionally collects CLI usage and error reporting information to help improve our products. Data is collected in accordance with Google's privacy policy (https://policies.google.com/privacy) and is not used to identify you.
 
[info] i  To change your data collection preference at any time, run `firebase logout` and log in again. 
[info] 
[info] Visit this URL on this device to log in:
[info] https://accounts.google.com/o/oauth2/auth?client_id=563584335869-fgrhgmd47bqnekij5i8b5pr03ho849e6.apps.googleusercontent.com&scope=email%20openid%20https%3A%2F%2Fwww.googleapis.com%2Fauth%2Fcloudplatformprojects.readonly%20https%3A%2F%2Fwww.googleapis.com%2Fauth%2Ffirebase%20https%3A%2F%2Fwww.googleapis.com%2Fauth%2Fcloud-platform&response_type=code&state=194772051&redirect_uri=http%3A%2F%2Flocalhost%3A9005
[info] 
[info] Waiting for authentication...
[debug] [2022-07-18T07:14:58.423Z] <<< [apiv2][status] GET https://firebase-public.firebaseio.com/cli.json 200
[debug] [2022-07-18T07:14:58.423Z] <<< [apiv2][body] GET https://firebase-public.firebaseio.com/cli.json {"cloudBuildErrorAfter":1594252800000,"cloudBuildWarnAfter":1590019200000,"defaultNode10After":1594252800000,"minVersion":"3.0.5","node8DeploysDisabledAfter":1613390400000,"node8RuntimeDisabledAfter":1615809600000,"node8WarnAfter":1600128000000}
[debug] [2022-07-18T07:15:23.456Z] >>> [apiv2][query] POST https://auth.firebase.tools/attest [none]
[debug] [2022-07-18T07:15:23.458Z] >>> [apiv2][body] POST https://auth.firebase.tools/attest {"session_id":"5230fc15-fd1c-4de2-acd5-a5517bcc9db1"}
[debug] [2022-07-18T07:15:24.131Z] <<< [apiv2][status] POST https://auth.firebase.tools/attest 200
[debug] [2022-07-18T07:15:24.131Z] <<< [apiv2][body] POST https://auth.firebase.tools/attest {"token":"psq-_HTmjz3hKdpfZKVYcvrkq2Ma0hcaqGeLkmtYyZE"}
[info] 
[info] To sign in to the Firebase CLI:
[info] 
[info] 1. Take note of your session ID:
[info] 
[info]    5230F
[info] 
[info] 2. Visit the URL below on any device and follow the instructions to get your code:
[info] 
[info]    https://auth.firebase.tools/login?code_challenge=4Y9aQQCW3oJrlRVgFtb3gU8skDpqKUe1mVf9SrGl52o&session=5230fc15-fd1c-4de2-acd5-a5517bcc9db1&attest=psq-_HTmjz3hKdpfZKVYcvrkq2Ma0hcaqGeLkmtYyZE
[info] 
[info] 3. Paste or enter the authorization code below once you have it:
[info] 
